app/build/intermediates/manifest_merge_blame_file/debug/processDebugMainManifest/manifest-merger-blame-debug-report.txt
1<?xml version="1.0" encoding="utf-8"?>
2<manifest xmlns:android="http://schemas.android.com/apk/res/android"
3    package="com.loanzo.app"
4    android:versionCode="1"
5    android:versionName="1.0.0" >
6
7    <uses-sdk
8        android:minSdkVersion="26"
9        android:targetSdkVersion="35" />
10
11    <uses-permission android:name="android.permission.INTERNET" />
11-->src\main\AndroidManifest.xml:5:5-67
11-->src\main\AndroidManifest.xml:5:22-64
12    <uses-permission android:name="android.permission.POST_NOTIFICATIONS" />
12-->src\main\AndroidManifest.xml:6:5-77
12-->src\main\AndroidManifest.xml:6:22-74
13    <uses-permission android:name="android.permission.CAMERA" />
13-->src\main\AndroidManifest.xml:7:5-65
13-->src\main\AndroidManifest.xml:7:22-62
14    <uses-permission android:name="android.permission.ACCESS_NETWORK_STATE" />
14-->[com.google.firebase:firebase-auth:23.2.0] AndroidManifest.xml:26:5-79
14-->[com.google.firebase:firebase-auth:23.2.0] AndroidManifest.xml:26:22-76
15    <uses-permission android:name="android.permission.WAKE_LOCK" />
15-->[androidx.work:work-runtime:2.10.0] AndroidManifest.xml:23:5-68
15-->[androidx.work:work-runtime:2.10.0] AndroidManifest.xml:23:22-65
16    <uses-permission android:name="android.permission.RECEIVE_BOOT_COMPLETED" />
16-->[androidx.work:work-runtime:2.10.0] AndroidManifest.xml:25:5-81
16-->[androidx.work:work-runtime:2.10.0] AndroidManifest.xml:25:22-78
17    <uses-permission android:name="android.permission.FOREGROUND_SERVICE" />
17-->[androidx.work:work-runtime:2.10.0] AndroidManifest.xml:26:5-77
17-->[androidx.work:work-runtime:2.10.0] AndroidManifest.xml:26:22-74
18    <uses-permission android:name="com.google.android.providers.gsf.permission.READ_GSERVICES" />
18-->[com.google.android.recaptcha:recaptcha:18.6.1] AndroidManifest.xml:9:5-98
18-->[com.google.android.recaptcha:recaptcha:18.6.1] AndroidManifest.xml:9:22-95
19
20    <permission
20-->[androidx.core:core:1.15.0] AndroidManifest.xml:22:5-24:47
21        android:name="com.loanzo.app.DYNAMIC_RECEIVER_NOT_EXPORTED_PERMISSION"
21-->[androidx.core:core:1.15.0] AndroidManifest.xml:23:9-81
22        android:protectionLevel="signature" />
22-->[androidx.core:core:1.15.0] AndroidManifest.xml:24:9-44
23
24    <uses-permission android:name="com.loanzo.app.DYNAMIC_RECEIVER_NOT_EXPORTED_PERMISSION" />
24-->[androidx.core:core:1.15.0] AndroidManifest.xml:26:5-97
24-->[androidx.core:core:1.15.0] AndroidManifest.xml:26:22-94
25
26    <application
26-->src\main\AndroidManifest.xml:9:5-59:19
27        android:name="com.loanzo.app.LoanzoApp"
27-->src\main\AndroidManifest.xml:10:9-34
28        android:allowBackup="true"
28-->src\main\AndroidManifest.xml:11:9-35
29        android:appComponentFactory="androidx.core.app.CoreComponentFactory"
29-->[androidx.core:core:1.15.0] AndroidManifest.xml:28:18-86
30        android:debuggable="true"
31        android:extractNativeLibs="false"
32        android:icon="@mipmap/ic_launcher"
32-->src\main\AndroidManifest.xml:12:9-43
33        android:label="@string/app_name"
33-->src\main\AndroidManifest.xml:13:9-41
34        android:roundIcon="@mipmap/ic_launcher_round"
34-->src\main\AndroidManifest.xml:14:9-54
35        android:supportsRtl="true"
35-->src\main\AndroidManifest.xml:15:9-35
36        android:theme="@style/Theme.Loanzo" >
36-->src\main\AndroidManifest.xml:16:9-44
37        <activity
37-->src\main\AndroidManifest.xml:19:9-48:20
38            android:name="com.loanzo.app.MainActivity"
38-->src\main\AndroidManifest.xml:20:13-41
39            android:exported="true"
39-->src\main\AndroidManifest.xml:21:13-36
40            android:theme="@style/Theme.Loanzo" >
40-->src\main\AndroidManifest.xml:22:13-48
41            <intent-filter>
41-->src\main\AndroidManifest.xml:23:13-26:29
42                <action android:name="android.intent.action.MAIN" />
42-->src\main\AndroidManifest.xml:24:17-69
42-->src\main\AndroidManifest.xml:24:25-66
43
44                <category android:name="android.intent.category.LAUNCHER" />
44-->src\main\AndroidManifest.xml:25:17-77
44-->src\main\AndroidManifest.xml:25:27-74
45            </intent-filter>
46
47            <!-- Didit KYC Deep Link Callback (Custom Scheme) -->
48            <intent-filter>
48-->src\main\AndroidManifest.xml:29:13-36:29
49                <action android:name="android.intent.action.VIEW" />
49-->src\main\AndroidManifest.xml:30:17-69
49-->src\main\AndroidManifest.xml:30:25-66
50
51                <category android:name="android.intent.category.DEFAULT" />
51-->src\main\AndroidManifest.xml:31:17-76
51-->src\main\AndroidManifest.xml:31:27-73
52                <category android:name="android.intent.category.BROWSABLE" />
52-->src\main\AndroidManifest.xml:32:17-78
52-->src\main\AndroidManifest.xml:32:27-75
53
54                <data
54-->src\main\AndroidManifest.xml:33:17-35:51
55                    android:host="kyc-callback"
55-->src\main\AndroidManifest.xml:35:21-48
56                    android:scheme="loanzo" />
56-->src\main\AndroidManifest.xml:34:21-44
57            </intent-filter>
58
59            <!-- Didit KYC App Link Callback (HTTPS) -->
60            <intent-filter android:autoVerify="true" >
60-->src\main\AndroidManifest.xml:39:13-47:29
60-->src\main\AndroidManifest.xml:39:28-53
61                <action android:name="android.intent.action.VIEW" />
61-->src\main\AndroidManifest.xml:30:17-69
61-->src\main\AndroidManifest.xml:30:25-66
62
63                <category android:name="android.intent.category.DEFAULT" />
63-->src\main\AndroidManifest.xml:31:17-76
63-->src\main\AndroidManifest.xml:31:27-73
64                <category android:name="android.intent.category.BROWSABLE" />
64-->src\main\AndroidManifest.xml:32:17-78
64-->src\main\AndroidManifest.xml:32:27-75
65
66                <data
66-->src\main\AndroidManifest.xml:33:17-35:51
67                    android:host="loanzo.app"
67-->src\main\AndroidManifest.xml:35:21-48
68                    android:pathPrefix="/kyc-callback"
68-->src\main\AndroidManifest.xml:46:21-55
69                    android:scheme="https" />
69-->src\main\AndroidManifest.xml:34:21-44
70            </intent-filter>
71        </activity>
72
73        <provider
74            android:name="androidx.core.content.FileProvider"
74-->src\main\AndroidManifest.xml:51:13-62
75            android:authorities="com.loanzo.app.fileprovider"
75-->src\main\AndroidManifest.xml:52:13-64
76            android:exported="false"
76-->src\main\AndroidManifest.xml:53:13-37
77            android:grantUriPermissions="true" >
77-->src\main\AndroidManifest.xml:54:13-47
78            <meta-data
78-->src\main\AndroidManifest.xml:55:13-57:54
79                android:name="android.support.FILE_PROVIDER_PATHS"
79-->src\main\AndroidManifest.xml:56:17-67
80                android:resource="@xml/file_paths" />
80-->src\main\AndroidManifest.xml:57:17-51
81        </provider>
82
83        <activity
83-->[com.google.firebase:firebase-auth:23.2.0] AndroidManifest.xml:29:9-46:20
84            android:name="com.google.firebase.auth.internal.GenericIdpActivity"
84-->[com.google.firebase:firebase-auth:23.2.0] AndroidManifest.xml:30:13-80
85            android:excludeFromRecents="true"
85-->[com.google.firebase:firebase-auth:23.2.0] AndroidManifest.xml:31:13-46
86            android:exported="true"
86-->[com.google.firebase:firebase-auth:23.2.0] AndroidManifest.xml:32:13-36
87            android:launchMode="singleTask"
87-->[com.google.firebase:firebase-auth:23.2.0] AndroidManifest.xml:33:13-44
88            android:theme="@android:style/Theme.Translucent.NoTitleBar" >
88-->[com.google.firebase:firebase-auth:23.2.0] AndroidManifest.xml:34:13-72
89            <intent-filter>
89-->[com.google.firebase:firebase-auth:23.2.0] AndroidManifest.xml:35:13-45:29
90                <action android:name="android.intent.action.VIEW" />
90-->src\main\AndroidManifest.xml:30:17-69
90-->src\main\AndroidManifest.xml:30:25-66
91
92                <category android:name="android.intent.category.DEFAULT" />
92-->src\main\AndroidManifest.xml:31:17-76
92-->src\main\AndroidManifest.xml:31:27-73
93                <category android:name="android.intent.category.BROWSABLE" />
93-->src\main\AndroidManifest.xml:32:17-78
93-->src\main\AndroidManifest.xml:32:27-75
94
95                <data
95-->src\main\AndroidManifest.xml:33:17-35:51
96                    android:host="firebase.auth"
96-->src\main\AndroidManifest.xml:35:21-48
97                    android:path="/"
98                    android:scheme="genericidp" />
98-->src\main\AndroidManifest.xml:34:21-44
99            </intent-filter>
100        </activity>
101        <activity
101-->[com.google.firebase:firebase-auth:23.2.0] AndroidManifest.xml:47:9-64:20
102            android:name="com.google.firebase.auth.internal.RecaptchaActivity"
102-->[com.google.firebase:firebase-auth:23.2.0] AndroidManifest.xml:48:13-79
103            android:excludeFromRecents="true"
103-->[com.google.firebase:firebase-auth:23.2.0] AndroidManifest.xml:49:13-46
104            android:exported="true"
104-->[com.google.firebase:firebase-auth:23.2.0] AndroidManifest.xml:50:13-36
105            android:launchMode="singleTask"
105-->[com.google.firebase:firebase-auth:23.2.0] AndroidManifest.xml:51:13-44
106            android:theme="@android:style/Theme.Translucent.NoTitleBar" >
106-->[com.google.firebase:firebase-auth:23.2.0] AndroidManifest.xml:52:13-72
107            <intent-filter>
107-->[com.google.firebase:firebase-auth:23.2.0] AndroidManifest.xml:53:13-63:29
108                <action android:name="android.intent.action.VIEW" />
108-->src\main\AndroidManifest.xml:30:17-69
108-->src\main\AndroidManifest.xml:30:25-66
109
110                <category android:name="android.intent.category.DEFAULT" />
110-->src\main\AndroidManifest.xml:31:17-76
110-->src\main\AndroidManifest.xml:31:27-73
111                <category android:name="android.intent.category.BROWSABLE" />
111-->src\main\AndroidManifest.xml:32:17-78
111-->src\main\AndroidManifest.xml:32:27-75
112
113                <data
113-->src\main\AndroidManifest.xml:33:17-35:51
114                    android:host="firebase.auth"
114-->src\main\AndroidManifest.xml:35:21-48
115                    android:path="/"
116                    android:scheme="recaptcha" />
116-->src\main\AndroidManifest.xml:34:21-44
117            </intent-filter>
118        </activity>
119
120        <service
120-->[com.google.firebase:firebase-auth:23.2.0] AndroidManifest.xml:66:9-72:19
121            android:name="com.google.firebase.components.ComponentDiscoveryService"
121-->[com.google.firebase:firebase-auth:23.2.0] AndroidManifest.xml:67:13-84
122            android:directBootAware="true"
122-->[com.google.firebase:firebase-common:21.0.0] AndroidManifest.xml:32:13-43
123            android:exported="false" >
123-->[com.google.firebase:firebase-auth:23.2.0] AndroidManifest.xml:68:13-37
124            <meta-data
124-->[com.google.firebase:firebase-auth:23.2.0] AndroidManifest.xml:69:13-71:85
125                android:name="com.google.firebase.components:com.google.firebase.auth.FirebaseAuthRegistrar"
125-->[com.google.firebase:firebase-auth:23.2.0] AndroidManifest.xml:70:17-109
126                android:value="com.google.firebase.components.ComponentRegistrar" />
126-->[com.google.firebase:firebase-auth:23.2.0] AndroidManifest.xml:71:17-82
127            <meta-data
127-->[com.google.firebase:firebase-common-ktx:21.0.0] AndroidManifest.xml:12:13-14:85
128                android:name="com.google.firebase.components:com.google.firebase.ktx.FirebaseCommonLegacyRegistrar"
128-->[com.google.firebase:firebase-common-ktx:21.0.0] AndroidManifest.xml:13:17-116
129                android:value="com.google.firebase.components.ComponentRegistrar" />
129-->[com.google.firebase:firebase-common-ktx:21.0.0] AndroidManifest.xml:14:17-82
130            <meta-data
130-->[com.google.firebase:firebase-common:21.0.0] AndroidManifest.xml:35:13-37:85
131                android:name="com.google.firebase.components:com.google.firebase.FirebaseCommonKtxRegistrar"
131-->[com.google.firebase:firebase-common:21.0.0] AndroidManifest.xml:36:17-109
132                android:value="com.google.firebase.components.ComponentRegistrar" />
132-->[com.google.firebase:firebase-common:21.0.0] AndroidManifest.xml:37:17-82
133        </service>
134
135        <provider
135-->[androidx.work:work-runtime:2.10.0] AndroidManifest.xml:29:9-37:20
136            android:name="androidx.startup.InitializationProvider"
136-->[androidx.work:work-runtime:2.10.0] AndroidManifest.xml:30:13-67
137            android:authorities="com.loanzo.app.androidx-startup"
137-->[androidx.work:work-runtime:2.10.0] AndroidManifest.xml:31:13-68
138            android:exported="false" >
138-->[androidx.work:work-runtime:2.10.0] AndroidManifest.xml:32:13-37
139            <meta-data
139-->[androidx.work:work-runtime:2.10.0] AndroidManifest.xml:34:13-36:52
140                android:name="androidx.work.WorkManagerInitializer"
140-->[androidx.work:work-runtime:2.10.0] AndroidManifest.xml:35:17-68
141                android:value="androidx.startup" />
141-->[androidx.work:work-runtime:2.10.0] AndroidManifest.xml:36:17-49
142            <meta-data
142-->[androidx.emoji2:emoji2:1.3.0] AndroidManifest.xml:29:13-31:52
143                android:name="androidx.emoji2.text.EmojiCompatInitializer"
143-->[androidx.emoji2:emoji2:1.3.0] AndroidManifest.xml:30:17-75
144                android:value="androidx.startup" />
144-->[androidx.emoji2:emoji2:1.3.0] AndroidManifest.xml:31:17-49
145            <meta-data
145-->[androidx.lifecycle:lifecycle-process:2.8.7] AndroidManifest.xml:29:13-31:52
146                android:name="androidx.lifecycle.ProcessLifecycleInitializer"
146-->[androidx.lifecycle:lifecycle-process:2.8.7] AndroidManifest.xml:30:17-78
147                android:value="androidx.startup" />
147-->[androidx.lifecycle:lifecycle-process:2.8.7] AndroidManifest.xml:31:17-49
148            <meta-data
148-->[androidx.profileinstaller:profileinstaller:1.3.1] AndroidManifest.xml:29:13-31:52
149                android:name="androidx.profileinstaller.ProfileInstallerInitializer"
149-->[androidx.profileinstaller:profileinstaller:1.3.1] AndroidManifest.xml:30:17-85
150                android:value="androidx.startup" />
150-->[androidx.profileinstaller:profileinstaller:1.3.1] AndroidManifest.xml:31:17-49
151        </provider>
152
153        <service
153-->[androidx.work:work-runtime:2.10.0] AndroidManifest.xml:39:9-45:35
154            android:name="androidx.work.impl.background.systemalarm.SystemAlarmService"
154-->[androidx.work:work-runtime:2.10.0] AndroidManifest.xml:40:13-88
155            android:directBootAware="false"
155-->[androidx.work:work-runtime:2.10.0] AndroidManifest.xml:41:13-44
156            android:enabled="@bool/enable_system_alarm_service_default"
156-->[androidx.work:work-runtime:2.10.0] AndroidManifest.xml:42:13-72
157            android:exported="false" />
157-->[androidx.work:work-runtime:2.10.0] AndroidManifest.xml:43:13-37
158        <service
158-->[androidx.work:work-runtime:2.10.0] AndroidManifest.xml:46:9-52:35
159            android:name="androidx.work.impl.background.systemjob.SystemJobService"
159-->[androidx.work:work-runtime:2.10.0] AndroidManifest.xml:47:13-84
160            android:directBootAware="false"
160-->[androidx.work:work-runtime:2.10.0] AndroidManifest.xml:48:13-44
161            android:enabled="@bool/enable_system_job_service_default"
161-->[androidx.work:work-runtime:2.10.0] AndroidManifest.xml:49:13-70
162            android:exported="true"
162-->[androidx.work:work-runtime:2.10.0] AndroidManifest.xml:50:13-36
163            android:permission="android.permission.BIND_JOB_SERVICE" />
163-->[androidx.work:work-runtime:2.10.0] AndroidManifest.xml:51:13-69
164        <service
164-->[androidx.work:work-runtime:2.10.0] AndroidManifest.xml:53:9-59:35
165            android:name="androidx.work.impl.foreground.SystemForegroundService"
165-->[androidx.work:work-runtime:2.10.0] AndroidManifest.xml:54:13-81
166            android:directBootAware="false"
166-->[androidx.work:work-runtime:2.10.0] AndroidManifest.xml:55:13-44
167            android:enabled="@bool/enable_system_foreground_service_default"
167-->[androidx.work:work-runtime:2.10.0] AndroidManifest.xml:56:13-77
168            android:exported="false" />
168-->[androidx.work:work-runtime:2.10.0] AndroidManifest.xml:57:13-37
169
170        <receiver
170-->[androidx.work:work-runtime:2.10.0] AndroidManifest.xml:61:9-66:35
171            android:name="androidx.work.impl.utils.ForceStopRunnable$BroadcastReceiver"
171-->[androidx.work:work-runtime:2.10.0] AndroidManifest.xml:62:13-88
172            android:directBootAware="false"
172-->[androidx.work:work-runtime:2.10.0] AndroidManifest.xml:63:13-44
173            android:enabled="true"
173-->[androidx.work:work-runtime:2.10.0] AndroidManifest.xml:64:13-35
174            android:exported="false" />
174-->[androidx.work:work-runtime:2.10.0] AndroidManifest.xml:65:13-37
175        <receiver
175-->[androidx.work:work-runtime:2.10.0] AndroidManifest.xml:67:9-77:20
176            android:name="androidx.work.impl.background.systemalarm.ConstraintProxy$BatteryChargingProxy"
176-->[androidx.work:work-runtime:2.10.0] AndroidManifest.xml:68:13-106
177            android:directBootAware="false"
177-->[androidx.work:work-runtime:2.10.0] AndroidManifest.xml:69:13-44
178            android:enabled="false"
178-->[androidx.work:work-runtime:2.10.0] AndroidManifest.xml:70:13-36
179            android:exported="false" >
179-->[androidx.work:work-runtime:2.10.0] AndroidManifest.xml:71:13-37
180            <intent-filter>
180-->[androidx.work:work-runtime:2.10.0] AndroidManifest.xml:73:13-76:29
181                <action android:name="android.intent.action.ACTION_POWER_CONNECTED" />
181-->[androidx.work:work-runtime:2.10.0] AndroidManifest.xml:74:17-87
181-->[androidx.work:work-runtime:2.10.0] AndroidManifest.xml:74:25-84
182                <action android:name="android.intent.action.ACTION_POWER_DISCONNECTED" />
182-->[androidx.work:work-runtime:2.10.0] AndroidManifest.xml:75:17-90
182-->[androidx.work:work-runtime:2.10.0] AndroidManifest.xml:75:25-87
183            </intent-filter>
184        </receiver>
185        <receiver
185-->[androidx.work:work-runtime:2.10.0] AndroidManifest.xml:78:9-88:20
186            android:name="androidx.work.impl.background.systemalarm.ConstraintProxy$BatteryNotLowProxy"
186-->[androidx.work:work-runtime:2.10.0] AndroidManifest.xml:79:13-104
187            android:directBootAware="false"
187-->[androidx.work:work-runtime:2.10.0] AndroidManifest.xml:80:13-44
188            android:enabled="false"
188-->[androidx.work:work-runtime:2.10.0] AndroidManifest.xml:81:13-36
189            android:exported="false" >
189-->[androidx.work:work-runtime:2.10.0] AndroidManifest.xml:82:13-37
190            <intent-filter>
190-->[androidx.work:work-runtime:2.10.0] AndroidManifest.xml:84:13-87:29
191                <action android:name="android.intent.action.BATTERY_OKAY" />
191-->[androidx.work:work-runtime:2.10.0] AndroidManifest.xml:85:17-77
191-->[androidx.work:work-runtime:2.10.0] AndroidManifest.xml:85:25-74
192                <action android:name="android.intent.action.BATTERY_LOW" />
192-->[androidx.work:work-runtime:2.10.0] AndroidManifest.xml:86:17-76
192-->[androidx.work:work-runtime:2.10.0] AndroidManifest.xml:86:25-73
193            </intent-filter>
194        </receiver>
195        <receiver
195-->[androidx.work:work-runtime:2.10.0] AndroidManifest.xml:89:9-99:20
196            android:name="androidx.work.impl.background.systemalarm.ConstraintProxy$StorageNotLowProxy"
196-->[androidx.work:work-runtime:2.10.0] AndroidManifest.xml:90:13-104
197            android:directBootAware="false"
197-->[androidx.work:work-runtime:2.10.0] AndroidManifest.xml:91:13-44
198            android:enabled="false"
198-->[androidx.work:work-runtime:2.10.0] AndroidManifest.xml:92:13-36
199            android:exported="false" >
199-->[androidx.work:work-runtime:2.10.0] AndroidManifest.xml:93:13-37
200            <intent-filter>
200-->[androidx.work:work-runtime:2.10.0] AndroidManifest.xml:95:13-98:29
201                <action android:name="android.intent.action.DEVICE_STORAGE_LOW" />
201-->[androidx.work:work-runtime:2.10.0] AndroidManifest.xml:96:17-83
201-->[androidx.work:work-runtime:2.10.0] AndroidManifest.xml:96:25-80
202                <action android:name="android.intent.action.DEVICE_STORAGE_OK" />
202-->[androidx.work:work-runtime:2.10.0] AndroidManifest.xml:97:17-82
202-->[androidx.work:work-runtime:2.10.0] AndroidManifest.xml:97:25-79
203            </intent-filter>
204        </receiver>
205        <receiver
205-->[androidx.work:work-runtime:2.10.0] AndroidManifest.xml:100:9-109:20
206            android:name="androidx.work.impl.background.systemalarm.ConstraintProxy$NetworkStateProxy"
206-->[androidx.work:work-runtime:2.10.0] AndroidManifest.xml:101:13-103
207            android:directBootAware="false"
207-->[androidx.work:work-runtime:2.10.0] AndroidManifest.xml:102:13-44
208            android:enabled="false"
208-->[androidx.work:work-runtime:2.10.0] AndroidManifest.xml:103:13-36
209            android:exported="false" >
209-->[androidx.work:work-runtime:2.10.0] AndroidManifest.xml:104:13-37
210            <intent-filter>
210-->[androidx.work:work-runtime:2.10.0] AndroidManifest.xml:106:13-108:29
211                <action android:name="android.net.conn.CONNECTIVITY_CHANGE" />
211-->[androidx.work:work-runtime:2.10.0] AndroidManifest.xml:107:17-79
211-->[androidx.work:work-runtime:2.10.0] AndroidManifest.xml:107:25-76
212            </intent-filter>
213        </receiver>
214        <receiver
214-->[androidx.work:work-runtime:2.10.0] AndroidManifest.xml:110:9-121:20
215            android:name="androidx.work.impl.background.systemalarm.RescheduleReceiver"
215-->[androidx.work:work-runtime:2.10.0] AndroidManifest.xml:111:13-88
216            android:directBootAware="false"
216-->[androidx.work:work-runtime:2.10.0] AndroidManifest.xml:112:13-44
217            android:enabled="false"
217-->[androidx.work:work-runtime:2.10.0] AndroidManifest.xml:113:13-36
218            android:exported="false" >
218-->[androidx.work:work-runtime:2.10.0] AndroidManifest.xml:114:13-37
219            <intent-filter>
219-->[androidx.work:work-runtime:2.10.0] AndroidManifest.xml:116:13-120:29
220                <action android:name="android.intent.action.BOOT_COMPLETED" />
220-->[androidx.work:work-runtime:2.10.0] AndroidManifest.xml:117:17-79
220-->[androidx.work:work-runtime:2.10.0] AndroidManifest.xml:117:25-76
221                <action android:name="android.intent.action.TIME_SET" />
221-->[androidx.work:work-runtime:2.10.0] AndroidManifest.xml:118:17-73
221-->[androidx.work:work-runtime:2.10.0] AndroidManifest.xml:118:25-70
222                <action android:name="android.intent.action.TIMEZONE_CHANGED" />
222-->[androidx.work:work-runtime:2.10.0] AndroidManifest.xml:119:17-81
222-->[androidx.work:work-runtime:2.10.0] AndroidManifest.xml:119:25-78
223            </intent-filter>
224        </receiver>
225        <receiver
225-->[androidx.work:work-runtime:2.10.0] AndroidManifest.xml:122:9-131:20
226            android:name="androidx.work.impl.background.systemalarm.ConstraintProxyUpdateReceiver"
226-->[androidx.work:work-runtime:2.10.0] AndroidManifest.xml:123:13-99
227            android:directBootAware="false"
227-->[androidx.work:work-runtime:2.10.0] AndroidManifest.xml:124:13-44
228            android:enabled="@bool/enable_system_alarm_service_default"
228-->[androidx.work:work-runtime:2.10.0] AndroidManifest.xml:125:13-72
229            android:exported="false" >
229-->[androidx.work:work-runtime:2.10.0] AndroidManifest.xml:126:13-37
230            <intent-filter>
230-->[androidx.work:work-runtime:2.10.0] AndroidManifest.xml:128:13-130:29
231                <action android:name="androidx.work.impl.background.systemalarm.UpdateProxies" />
231-->[androidx.work:work-runtime:2.10.0] AndroidManifest.xml:129:17-98
231-->[androidx.work:work-runtime:2.10.0] AndroidManifest.xml:129:25-95
232            </intent-filter>
233        </receiver>
234        <receiver
234-->[androidx.work:work-runtime:2.10.0] AndroidManifest.xml:132:9-142:20
235            android:name="androidx.work.impl.diagnostics.DiagnosticsReceiver"
235-->[androidx.work:work-runtime:2.10.0] AndroidManifest.xml:133:13-78
236            android:directBootAware="false"
236-->[androidx.work:work-runtime:2.10.0] AndroidManifest.xml:134:13-44
237            android:enabled="true"
237-->[androidx.work:work-runtime:2.10.0] AndroidManifest.xml:135:13-35
238            android:exported="true"
238-->[androidx.work:work-runtime:2.10.0] AndroidManifest.xml:136:13-36
239            android:permission="android.permission.DUMP" >
239-->[androidx.work:work-runtime:2.10.0] AndroidManifest.xml:137:13-57
240            <intent-filter>
240-->[androidx.work:work-runtime:2.10.0] AndroidManifest.xml:139:13-141:29
241                <action android:name="androidx.work.diagnostics.REQUEST_DIAGNOSTICS" />
241-->[androidx.work:work-runtime:2.10.0] AndroidManifest.xml:140:17-88
241-->[androidx.work:work-runtime:2.10.0] AndroidManifest.xml:140:25-85
242            </intent-filter>
243        </receiver>
244
245        <service
245-->[androidx.credentials:credentials-play-services-auth:1.2.0-rc01] AndroidManifest.xml:24:9-32:19
246            android:name="androidx.credentials.playservices.CredentialProviderMetadataHolder"
246-->[androidx.credentials:credentials-play-services-auth:1.2.0-rc01] AndroidManifest.xml:25:13-94
247            android:enabled="true"
247-->[androidx.credentials:credentials-play-services-auth:1.2.0-rc01] AndroidManifest.xml:26:13-35
248            android:exported="false" >
248-->[androidx.credentials:credentials-play-services-auth:1.2.0-rc01] AndroidManifest.xml:27:13-37
249            <meta-data
249-->[androidx.credentials:credentials-play-services-auth:1.2.0-rc01] AndroidManifest.xml:29:13-31:104
250                android:name="androidx.credentials.CREDENTIAL_PROVIDER_KEY"
250-->[androidx.credentials:credentials-play-services-auth:1.2.0-rc01] AndroidManifest.xml:30:17-76
251                android:value="androidx.credentials.playservices.CredentialProviderPlayServicesImpl" />
251-->[androidx.credentials:credentials-play-services-auth:1.2.0-rc01] AndroidManifest.xml:31:17-101
252        </service>
253
254        <activity
254-->[androidx.credentials:credentials-play-services-auth:1.2.0-rc01] AndroidManifest.xml:34:9-41:20
255            android:name="androidx.credentials.playservices.HiddenActivity"
255-->[androidx.credentials:credentials-play-services-auth:1.2.0-rc01] AndroidManifest.xml:35:13-76
256            android:configChanges="orientation|screenSize|screenLayout|keyboardHidden"
256-->[androidx.credentials:credentials-play-services-auth:1.2.0-rc01] AndroidManifest.xml:36:13-87
257            android:enabled="true"
257-->[androidx.credentials:credentials-play-services-auth:1.2.0-rc01] AndroidManifest.xml:37:13-35
258            android:exported="false"
258-->[androidx.credentials:credentials-play-services-auth:1.2.0-rc01] AndroidManifest.xml:38:13-37
259            android:fitsSystemWindows="true"
259-->[androidx.credentials:credentials-play-services-auth:1.2.0-rc01] AndroidManifest.xml:39:13-45
260            android:theme="@style/Theme.Hidden" >
260-->[androidx.credentials:credentials-play-services-auth:1.2.0-rc01] AndroidManifest.xml:40:13-48
261        </activity>
262        <activity
262-->[com.google.android.gms:play-services-auth:20.7.0] AndroidManifest.xml:23:9-27:75
263            android:name="com.google.android.gms.auth.api.signin.internal.SignInHubActivity"
263-->[com.google.android.gms:play-services-auth:20.7.0] AndroidManifest.xml:24:13-93
264            android:excludeFromRecents="true"
264-->[com.google.android.gms:play-services-auth:20.7.0] AndroidManifest.xml:25:13-46
265            android:exported="false"
265-->[com.google.android.gms:play-services-auth:20.7.0] AndroidManifest.xml:26:13-37
266            android:theme="@android:style/Theme.Translucent.NoTitleBar" />
266-->[com.google.android.gms:play-services-auth:20.7.0] AndroidManifest.xml:27:13-72
267        <!--
268            Service handling Google Sign-In user revocation. For apps that do not integrate with
269            Google Sign-In, this service will never be started.
270        -->
271        <service
271-->[com.google.android.gms:play-services-auth:20.7.0] AndroidManifest.xml:33:9-37:51
272            android:name="com.google.android.gms.auth.api.signin.RevocationBoundService"
272-->[com.google.android.gms:play-services-auth:20.7.0] AndroidManifest.xml:34:13-89
273            android:exported="true"
273-->[com.google.android.gms:play-services-auth:20.7.0] AndroidManifest.xml:35:13-36
274            android:permission="com.google.android.gms.auth.api.signin.permission.REVOCATION_NOTIFICATION"
274-->[com.google.android.gms:play-services-auth:20.7.0] AndroidManifest.xml:36:13-107
275            android:visibleToInstantApps="true" />
275-->[com.google.android.gms:play-services-auth:20.7.0] AndroidManifest.xml:37:13-48
276
277        <provider
277-->[com.google.firebase:firebase-common:21.0.0] AndroidManifest.xml:23:9-28:39
278            android:name="com.google.firebase.provider.FirebaseInitProvider"
278-->[com.google.firebase:firebase-common:21.0.0] AndroidManifest.xml:24:13-77
279            android:authorities="com.loanzo.app.firebaseinitprovider"
279-->[com.google.firebase:firebase-common:21.0.0] AndroidManifest.xml:25:13-72
280            android:directBootAware="true"
280-->[com.google.firebase:firebase-common:21.0.0] AndroidManifest.xml:26:13-43
281            android:exported="false"
281-->[com.google.firebase:firebase-common:21.0.0] AndroidManifest.xml:27:13-37
282            android:initOrder="100" />